2019-11-07 15:34:45,438 INFO o.a.j.u.JMeterUtils: Setting Locale to en_EN
2019-11-07 15:34:45,549 INFO o.a.j.JMeter: Loading user properties from: E:\JMeter\bin\user.properties
2019-11-07 15:34:45,560 INFO o.a.j.JMeter: Loading system properties from: E:\JMeter\bin\system.properties
2019-11-07 15:34:45,563 INFO o.a.j.JMeter: Copyright (c) 1998-2019 The Apache Software Foundation
2019-11-07 15:34:45,563 INFO o.a.j.JMeter: Version 5.2
2019-11-07 15:34:45,563 INFO o.a.j.JMeter: java.version=1.8.0_221
2019-11-07 15:34:45,563 INFO o.a.j.JMeter: java.vm.name=Java HotSpot(TM) 64-Bit Server VM
2019-11-07 15:34:45,564 INFO o.a.j.JMeter: os.name=Windows 10
2019-11-07 15:34:45,564 INFO o.a.j.JMeter: os.arch=amd64
2019-11-07 15:34:45,564 INFO o.a.j.JMeter: os.version=10.0
2019-11-07 15:34:45,567 INFO o.a.j.JMeter: file.encoding=GBK
2019-11-07 15:34:45,567 INFO o.a.j.JMeter: java.awt.headless=null
2019-11-07 15:34:45,567 INFO o.a.j.JMeter: Max memory     =1073741824
2019-11-07 15:34:45,568 INFO o.a.j.JMeter: Available Processors =8
2019-11-07 15:34:45,604 INFO o.a.j.JMeter: Default Locale=English (EN)
2019-11-07 15:34:45,605 INFO o.a.j.JMeter: JMeter  Locale=English (EN)
2019-11-07 15:34:45,605 INFO o.a.j.JMeter: JMeterHome=E:\JMeter
2019-11-07 15:34:45,605 INFO o.a.j.JMeter: user.dir  =C:\Users\Haoxuan\Desktop\project\Jupiter
2019-11-07 15:34:45,606 INFO o.a.j.JMeter: PWD       =C:\Users\Haoxuan\Desktop\project\Jupiter
2019-11-07 15:34:45,612 INFO o.a.j.JMeter: IP: 192.168.0.133 Name: DESKTOP-VQ49BTA FullName: DESKTOP-VQ49BTA.Home
2019-11-07 15:34:46,463 INFO o.a.j.g.a.LookAndFeelCommand: Installing Darcula LAF
2019-11-07 15:34:46,508 INFO o.a.j.g.a.LookAndFeelCommand: Using look and feel: com.bulenkov.darcula.DarculaLaf [Darcula]
2019-11-07 15:34:46,508 INFO o.a.j.JMeter: Setting LAF to: com.bulenkov.darcula.DarculaLaf
2019-11-07 15:34:46,811 INFO o.a.j.JMeter: Loaded icon properties from org/apache/jmeter/images/icon.properties
2019-11-07 15:34:50,452 INFO o.a.j.p.h.s.HTTPSamplerBase: Parser for text/html is org.apache.jmeter.protocol.http.parser.LagartoBasedHtmlParser
2019-11-07 15:34:50,453 INFO o.a.j.p.h.s.HTTPSamplerBase: Parser for application/xhtml+xml is org.apache.jmeter.protocol.http.parser.LagartoBasedHtmlParser
2019-11-07 15:34:50,453 INFO o.a.j.p.h.s.HTTPSamplerBase: Parser for application/xml is org.apache.jmeter.protocol.http.parser.LagartoBasedHtmlParser
2019-11-07 15:34:50,453 INFO o.a.j.p.h.s.HTTPSamplerBase: Parser for text/xml is org.apache.jmeter.protocol.http.parser.LagartoBasedHtmlParser
2019-11-07 15:34:50,453 INFO o.a.j.p.h.s.HTTPSamplerBase: Parser for text/vnd.wap.wml is org.apache.jmeter.protocol.http.parser.RegexpHTMLParser
2019-11-07 15:34:50,453 INFO o.a.j.p.h.s.HTTPSamplerBase: Parser for text/css is org.apache.jmeter.protocol.http.parser.CssParser
2019-11-07 15:34:51,054 INFO o.a.j.e.KeyToolUtils: keytool found at 'keytool'
2019-11-07 15:34:51,054 INFO o.a.j.p.h.p.ProxyControl: HTTP(S) Test Script Recorder SSL Proxy will use keys that support embedded 3rd party resources in file E:\JMeter\bin\proxyserver.jks
2019-11-07 15:34:51,184 INFO o.a.j.s.FileServer: Default base='C:\Users\Haoxuan\Desktop\project\Jupiter'
2019-11-07 15:34:51,975 INFO o.a.j.s.SampleResult: Note: Sample TimeStamps are START times
2019-11-07 15:34:51,975 INFO o.a.j.s.SampleResult: sampleresult.default.encoding is set to ISO-8859-1
2019-11-07 15:34:51,976 INFO o.a.j.s.SampleResult: sampleresult.useNanoTime=true
2019-11-07 15:34:51,976 INFO o.a.j.s.SampleResult: sampleresult.nanoThreadSleep=5000
